<?xml version="1.0" encoding="UTF-8" ?>
<testsuites>
  <testsuite errors="0" failures="1" hostname="PL1SEMAL0031NB" id="0" name="JUnitHelloWorldTest1" package="junit" skipped="0" tests="1" time="0.05" timestamp="2017-10-02T11:56:20">
      <properties>
[...]
</properties>

      <testcase classname="junit.JUnitHelloWorldTest1" name="isGreaterTest" time="0.005">
          <failure message="Num 1 is greater than Num 2" type="junit.framework.AssertionFailedError">junit.framework.AssertionFailedError: Num 1 is greater than Num 2
	at junit.JUnitHelloWorldTest1.isGreaterTest(JUnitHelloWorldTest1.java:30)
</failure>

      </testcase>

      <system-out><![CDATA[Before Class
Before Testt Casse
Test
After Test Case
After Class
]]></system-out>

      <system-err><![CDATA[]]></system-err>

  </testsuite>
  <testsuite errors="0" failures="0" hostname="PL1SEMAL0031NB" id="1" name="JUnitHelloWorldTest2" package="junit" skipped="0" tests="1" time="0.043" timestamp="2017-10-02T11:56:21">
      <properties>
[...]
</properties>

      <testcase classname="junit.JUnitHelloWorldTest2" name="isGreaterTest" time="0.001" />

      <system-out><![CDATA[Before Class
Before Test Case
Test
After Test Case
After Class
]]></system-out>

      <system-err><![CDATA[]]></system-err>

  </testsuite>
</testsuites>
